#######################################################################################
# log primitive debug message of FSDB dumping                                         #
# This is for R&D to analyze when there are issues happening when FSDB dump           #
#######################################################################################
ANF: vcsd_get_serial_mode_status('./output/simvcssvlog: undefined symbol: vcsd_get_serial_mode_status')
ANF: vcsd_enable_sva_success_callback('./output/simvcssvlog: undefined symbol: vcsd_enable_sva_success_callback')
ANF: vcsd_disable_sva_success_callback('./output/simvcssvlog: undefined symbol: vcsd_disable_sva_success_callback')
ANF: vcsd_get_power_scope_name('./output/simvcssvlog: undefined symbol: vcsd_get_power_scope_name')
ANF: vcsd_begin_no_value_var_info('./output/simvcssvlog: undefined symbol: vcsd_begin_no_value_var_info')
ANF: vcsd_end_no_value_var_info('./output/simvcssvlog: undefined symbol: vcsd_end_no_value_var_info')
ANF: vcsd_remove_xprop_merge_mode_callback('./output/simvcssvlog: undefined symbol: vcsd_remove_xprop_merge_mode_callback')
ANF: vhpi_get_cb_info('./output/simvcssvlog: undefined symbol: vhpi_get_cb_info')
ANF: vhpi_free_handle('./output/simvcssvlog: undefined symbol: vhpi_free_handle')
ANF: vhpi_fetch_vcsd_handle('./output/simvcssvlog: undefined symbol: vhpi_fetch_vcsd_handle')
ANF: vhpi_fetch_vpi_handle('./output/simvcssvlog: undefined symbol: vhpi_fetch_vpi_handle')
ANF: vhpi_has_verilog_parent('./output/simvcssvlog: undefined symbol: vhpi_has_verilog_parent')
ANF: vhpi_is_verilog_scope('./output/simvcssvlog: undefined symbol: vhpi_is_verilog_scope')
ANF: scsd_xprop_is_enabled('./output/simvcssvlog: undefined symbol: scsd_xprop_is_enabled')
ANF: scsd_xprop_sig_is_promoted('./output/simvcssvlog: undefined symbol: scsd_xprop_sig_is_promoted')
ANF: scsd_xprop_int_xvalue('./output/simvcssvlog: undefined symbol: scsd_xprop_int_xvalue')
ANF: scsd_xprop_bool_xvalue('./output/simvcssvlog: undefined symbol: scsd_xprop_bool_xvalue')
ANF: scsd_xprop_enum_xvalue('./output/simvcssvlog: undefined symbol: scsd_xprop_enum_xvalue')
ANF: scsd_xprop_register_merge_mode_cb('./output/simvcssvlog: undefined symbol: scsd_xprop_register_merge_mode_cb')
ANF: scsd_xprop_delete_merge_mode_cb('./output/simvcssvlog: undefined symbol: scsd_xprop_delete_merge_mode_cb')
ANF: scsd_xprop_get_merge_mode('./output/simvcssvlog: undefined symbol: scsd_xprop_get_merge_mode')
ANF: scsd_thread_get_info('./output/simvcssvlog: undefined symbol: scsd_thread_get_info')
ANF: scsd_thread_vc_init('./output/simvcssvlog: undefined symbol: scsd_thread_vc_init')
ANF: scsd_master_set_delta_sync_cbk('./output/simvcssvlog: undefined symbol: scsd_master_set_delta_sync_cbk')
ANF: scsd_fgp_get_fsdb_cores('./output/simvcssvlog: undefined symbol: scsd_fgp_get_fsdb_cores')
ANF: vhdi_dt_get_type('./output/simvcssvlog: undefined symbol: vhdi_dt_get_type')
ANF: vhdi_dt_get_key('./output/simvcssvlog: undefined symbol: vhdi_dt_get_key')
ANF: vhdi_dt_get_vhdl_enum_info('./output/simvcssvlog: undefined symbol: vhdi_dt_get_vhdl_enum_info')
ANF: vhdi_dt_get_vhdl_physical_info('./output/simvcssvlog: undefined symbol: vhdi_dt_get_vhdl_physical_info')
ANF: vhdi_dt_get_vhdl_array_info('./output/simvcssvlog: undefined symbol: vhdi_dt_get_vhdl_array_info')
ANF: vhdi_dt_get_vhdl_record_info('./output/simvcssvlog: undefined symbol: vhdi_dt_get_vhdl_record_info')
ANF: vhdi_def_traverse_module('./output/simvcssvlog: undefined symbol: vhdi_def_traverse_module')
ANF: vhdi_def_traverse_scope('./output/simvcssvlog: undefined symbol: vhdi_def_traverse_scope')
ANF: vhdi_def_traverse_variable('./output/simvcssvlog: undefined symbol: vhdi_def_traverse_variable')
ANF: vhdi_def_get_module_id_by_vhpi('./output/simvcssvlog: undefined symbol: vhdi_def_get_module_id_by_vhpi')
ANF: vhdi_def_get_handle_by_module_id('./output/simvcssvlog: undefined symbol: vhdi_def_get_handle_by_module_id')
ANF: vhdi_def_get_variable_info_by_vhpi('./output/simvcssvlog: undefined symbol: vhdi_def_get_variable_info_by_vhpi')
ANF: vhdi_def_free('./output/simvcssvlog: undefined symbol: vhdi_def_free')
ANF: vhdi_ist_traverse_scope('./output/simvcssvlog: undefined symbol: vhdi_ist_traverse_scope')
ANF: vhdi_ist_traverse_variable('./output/simvcssvlog: undefined symbol: vhdi_ist_traverse_variable')
ANF: vhdi_ist_convert_by_vhpi('./output/simvcssvlog: undefined symbol: vhdi_ist_convert_by_vhpi')
ANF: vhdi_ist_clone('./output/simvcssvlog: undefined symbol: vhdi_ist_clone')
ANF: vhdi_ist_free('./output/simvcssvlog: undefined symbol: vhdi_ist_free')
ANF: vhdi_ist_hash_key('./output/simvcssvlog: undefined symbol: vhdi_ist_hash_key')
ANF: vhdi_ist_compare('./output/simvcssvlog: undefined symbol: vhdi_ist_compare')
ANF: vhdi_ist_get_value_addr('./output/simvcssvlog: undefined symbol: vhdi_ist_get_value_addr')
ANF: vhdi_set_scsd_callback('./output/simvcssvlog: undefined symbol: vhdi_set_scsd_callback')
ANF: vhdi_cbk_set_force_callback('./output/simvcssvlog: undefined symbol: vhdi_cbk_set_force_callback')
ANF: vhdi_trigger_init_force('./output/simvcssvlog: undefined symbol: vhdi_trigger_init_force')
ANF: vhdi_ist_check_scsd_callback('./output/simvcssvlog: undefined symbol: vhdi_ist_check_scsd_callback')
ANF: vhdi_ist_add_scsd_callback('./output/simvcssvlog: undefined symbol: vhdi_ist_add_scsd_callback')
ANF: vhdi_ist_remove_scsd_callback('./output/simvcssvlog: undefined symbol: vhdi_ist_remove_scsd_callback')
ANF: vhdi_ist_get_scsd_user_data('./output/simvcssvlog: undefined symbol: vhdi_ist_get_scsd_user_data')
ANF: vhdi_add_time_change_callback('./output/simvcssvlog: undefined symbol: vhdi_add_time_change_callback')
ANF: vhdi_get_real_value_by_value_addr('./output/simvcssvlog: undefined symbol: vhdi_get_real_value_by_value_addr')
ANF: vhdi_get_64_value_by_value_addr('./output/simvcssvlog: undefined symbol: vhdi_get_64_value_by_value_addr')
ANF: vhdi_xprop_inst_is_promoted('./output/simvcssvlog: undefined symbol: vhdi_xprop_inst_is_promoted')
ANF: vdi_ist_convert_by_vhdi('./output/simvcssvlog: undefined symbol: vdi_ist_convert_by_vhdi')
ANF: vhdi_ist_get_module_id('./output/simvcssvlog: undefined symbol: vhdi_ist_get_module_id')
ANF: vhdi_refine_foreign_scope_type('./output/simvcssvlog: undefined symbol: vhdi_refine_foreign_scope_type')
ANF: vhdi_flush_callback('./output/simvcssvlog: undefined symbol: vhdi_flush_callback')
ANF: vhdi_set_orig_name('./output/simvcssvlog: undefined symbol: vhdi_set_orig_name')
ANF: vhdi_set_dump_pt('./output/simvcssvlog: undefined symbol: vhdi_set_dump_pt')
ANF: vhdi_get_fsdb_option('./output/simvcssvlog: undefined symbol: vhdi_get_fsdb_option')
ANF: vhdi_fgp_get_mode('./output/simvcssvlog: undefined symbol: vhdi_fgp_get_mode')
ANF: vhdi_node_register_composite_var('./output/simvcssvlog: undefined symbol: vhdi_node_register_composite_var')
ANF: vhdi_node_analysis('./output/simvcssvlog: undefined symbol: vhdi_node_analysis')
ANF: vhdi_node_id('./output/simvcssvlog: undefined symbol: vhdi_node_id')
ANF: vhdi_node_ist_check_scsd_callback('./output/simvcssvlog: undefined symbol: vhdi_node_ist_check_scsd_callback')
ANF: vhdi_node_ist_add_scsd_callback('./output/simvcssvlog: undefined symbol: vhdi_node_ist_add_scsd_callback')
ANF: vhdi_node_ist_get_value_addr('./output/simvcssvlog: undefined symbol: vhdi_node_ist_get_value_addr')
ANF: vhdi_enc_def_traverse_module('./output/simvcssvlog: undefined symbol: vhdi_enc_def_traverse_module')
ANF: vhdi_enc_def_traverse_scope('./output/simvcssvlog: undefined symbol: vhdi_enc_def_traverse_scope')
ANF: vhdi_enc_def_traverse_variable('./output/simvcssvlog: undefined symbol: vhdi_enc_def_traverse_variable')
ANF: vhdi_enc_ist_traverse_scope('./output/simvcssvlog: undefined symbol: vhdi_enc_ist_traverse_scope')
ANF: vhdi_enc_ist_traverse_variable('./output/simvcssvlog: undefined symbol: vhdi_enc_ist_traverse_variable')
ANF: vhdi_enc_ist_get_module_id('./output/simvcssvlog: undefined symbol: vhdi_enc_ist_get_module_id')
ANF: vhdi_enc_def_get_handle_by_module_id('./output/simvcssvlog: undefined symbol: vhdi_enc_def_get_handle_by_module_id')
VCS compile option:
 option[0]: ./output/simvcssvlog
 option[1]: +UVM_TESTNAME=directed_test
 option[2]: -l
 option[3]: ./logs/simulate__directed_test.log
 option[4]: run
 option[5]: /tools/synopsys/vcs-R-2020.12-SP1/linux64/bin/vcs1
 option[6]: -Mcc=gcc
 option[7]: -Mcplusplus=g++
 option[8]: -Masflags=
 option[9]: -Mcfl= -pipe -fPIC -DVCS -O -I/tools/synopsys/vcs-R-2020.12-SP1/include 
 option[10]: -Mxllcflags=
 option[11]: -Mxcflags= -pipe -fPIC -I/tools/synopsys/vcs-R-2020.12-SP1/include
 option[12]: -Mldflags= -rdynamic 
 option[13]: -Mout=./output/simvcssvlog
 option[14]: -Mamsrun=
 option[15]: -Mvcsaceobjs=
 option[16]: -Mobjects= /tools/synopsys/vcs-R-2020.12-SP1/linux64/lib/libvirsim.so /tools/synopsys/vcs-R-2020.12-SP1/linux64/lib/liberrorinf.so /tools/synopsys/vcs-R-2020.12-SP1/linux64/lib/libsnpsmalloc.so /tools/synopsys/vcs-R-2020.12-SP1/linux64/lib/libvfs.so /tools/synopsys/verdi-R-2020.12-SP1/share/PLI/VCS/LINUX64/pli.a 
 option[17]: -Mexternalobj=
 option[18]: -Msaverestoreobj=/tools/synopsys/vcs-R-2020.12-SP1/linux64/lib/vcs_save_restore_new.o
 option[19]: -Mcrt0=
 option[20]: -Mcrtn=
 option[21]: -Mcsrc=/tools/synopsys/vcs-R-2020.12-SP1/etc/uvm-1.1/src/dpi/uvm_dpi.cc 
 option[22]: -Mdir=./output/csrc
 option[23]: -Msyslibs=/tools/synopsys/verdi-R-2020.12-SP1/share/PLI/VCS/LINUX64/pli.a -ldl -lm 
 option[24]: -l
 option[25]: ./logs/compile.log
 option[26]: -q
 option[27]: -full64
 option[28]: +define+UVM_PACKER_MAX_BYTES=1500000
 option[29]: +define+UVM_DISABLE_AUTO_ITEM_RECORDING
 option[30]: +define+SVT_AHB_DISABLE_IMPLICIT_BUS_CONNECTION
 option[31]: -timescale=1ns/1ps
 option[32]: +define+SVT_FSDB_ENABLE
 option[33]: +define+WAVES_FSDB
 option[34]: +define+WAVES=""fsdb""
 option[35]: +plusarg_save
 option[36]: -debug_access+pp+dmptf+thread
 option[37]: +vpi
 option[38]: +vcsd1
 option[39]: +itf+/tools/synopsys/vcs-R-2020.12-SP1/linux64/lib/vcsdp_lite.tab
 option[40]: -debug_region=cell+encrypt
 option[41]: -Xnotice=1
 option[42]: -P
 option[43]: /tools/synopsys/verdi-R-2020.12-SP1/share/PLI/VCS/LINUX64/novas.tab
 option[44]: +define+SVT_UVM_TECHNOLOGY
 option[45]: +define+SYNOPSYS_SV
 option[46]: -o
 option[47]: ./output/simvcssvlog
 option[48]: -picarchive
 option[49]: -P
 option[50]: /tools/synopsys/verdi-R-2020.12-SP1/share/PLI/VCS/LINUX64/verdi.tab
 option[51]: -fsdb
 option[52]: -sverilog
 option[53]: -gen_obj
 option[54]: +incdir+/tools/proj/verification_platform/2_common/ahb_agt_snps/design_dir/src/sverilog/vcs
 option[55]: +incdir+/tools/proj/verification_platform/2_common/ahb_agt_snps/design_dir/include/sverilog
 option[56]: +incdir+/tools/proj/verification_platform/2_common/ahb_agt_snps/design_dir/src/verilog/vcs
 option[57]: +incdir+/tools/proj/verification_platform/2_common/ahb_agt_snps/design_dir/include/verilog
 option[58]: +incdir+/tools/synopsys/vcs-R-2020.12-SP1/etc/uvm-1.1/src
 option[59]: +incdir+/tools/proj/verification_platform/2_common/ahb_agt_snps/design_dir/examples/sverilog/amba_svt/tb_ahb_svt_uvm_basic_sys/.
 option[60]: +incdir+/tools/proj/verification_platform/2_common/ahb_agt_snps/design_dir/examples/sverilog/amba_svt/tb_ahb_svt_uvm_basic_sys/../../env
 option[61]: +incdir+/tools/proj/verification_platform/2_common/ahb_agt_snps/design_dir/examples/sverilog/amba_svt/tb_ahb_svt_uvm_basic_sys/../env
 option[62]: +incdir+/tools/proj/verification_platform/2_common/ahb_agt_snps/design_dir/examples/sverilog/amba_svt/tb_ahb_svt_uvm_basic_sys/env
 option[63]: +incdir+/tools/proj/verification_platform/2_common/ahb_agt_snps/design_dir/examples/sverilog/amba_svt/tb_ahb_svt_uvm_basic_sys/dut
 option[64]: +incdir+/tools/proj/verification_platform/2_common/ahb_agt_snps/design_dir/examples/sverilog/amba_svt/tb_ahb_svt_uvm_basic_sys/hdl_interconnect
 option[65]: +incdir+/tools/proj/verification_platform/2_common/ahb_agt_snps/design_dir/examples/sverilog/amba_svt/tb_ahb_svt_uvm_basic_sys/lib
 option[66]: +incdir+/tools/proj/verification_platform/2_common/ahb_agt_snps/design_dir/examples/sverilog/amba_svt/tb_ahb_svt_uvm_basic_sys/tests
 option[67]: -f
 option[68]: top_files
 option[69]: -f
 option[70]: hdl_files
 option[71]: -load
 option[72]: /tools/synopsys/verdi-R-2020.12-SP1/share/PLI/VCS/LINUX64/libnovas.so:FSDBDumpCmd
 option[73]: timescale=1ns/1ps
Chronologic Simulation VCS Release R-2020.12-SP1_Full64
Linux 3.10.0-1160.90.1.el7.x86_64 #1 SMP Thu May 4 15:21:22 UTC 2023 x86_64
CPU cores: 2
Limit information:
======================================
cputime		unlimited
filesize		unlimited
datasize		unlimited
stacksize		9657 kbytes
coredumpsize		0 kbytes
memoryuse		unlimited
vmemoryuse		unlimited
descriptors		4096
memorylocked		64 kbytes
maxproc		4096
======================================
(Special)Runtime environment variables:

Runtime environment variables:
DEBUGSSY_HOME=/tools/synopsys/verdi-R-2020.12-SP1
DESKTOP_SESSION=gnome-classic
XDG_SESSION_TYPE=x11
XAUTHORITY=/run/gdm/auth-for-vagrant-Cy3xBv/database
GDMSESSION=gnome-classic
XMODIFIERS=@im=ibus
SHELL=/bin/csh -f
GDM_LANG=en_US.UTF-8
VTE_VERSION=5204
_=/usr/bin/gmake
VERILATOR_ROOT=/tools/verilator
CUSTOM=/tools/proj/core-v-verif-master/cv32e40p/tests/programs/custom/hello-world/
DEBUGSSY_LIB=/tools/synopsys/verdi-R-2020.12-SP1/share/PLI/lib/LINUX64
UVMC_HOME=/tools/synopsys/vcs-R-2020.12-SP1/uvmc
HISTCONTROL=ignoredups
USERNAME=vagrant
XDG_DATA_DIRS=/home/vagrant/.local/share/flatpak/exports/share/:/var/lib/flatpak/exports/share/:/usr/local/share/:/usr/share/
INFOPATH=/opt/rh/devtoolset-7/root/usr/share/info:/opt/rh/devtoolset-7/root/usr/share/info
PCP_DIR=/opt/rh/devtoolset-7/root
LESSOPEN=||/usr/bin/lesspipe.sh %s
MTI_VCO_MODE=64
PATH=/tools/synopsys/vcs-R-2020.12-SP1/bin:/opt/riscv/riscv32-embecosm-gcc-centos7-20230702:/opt/riscv:/opt/rh/devtoolset-7/root/usr/bin:/tools/synopsys/vcs-R-2020.12-SP1/etc/uvm-1.1/bin:/tools/synopsys/verdi-R-2020.12-SP1/bin:/tools/synopsys/vcs-R-2020.12-SP1/bin:/tools/synopsys/dw/bin:/tools/synopsys/scl-2020.06/linux64/bin:/opt/rh/devtoolset-7/root/usr/bin:/tools/synopsys/vcs-R-2020.12-SP1/etc/uvm-1.1/bin:/tools/synopsys/verdi-R-2020.12-SP1/bin:/tools/synopsys/vcs-R-2020.12-SP1/bin:/tools/synopsys/scl-2020.06/linux64/bin:/usr/lib64/qt-3.3/bin:/usr/lib64/ccache:/usr/local/bin:/usr/local/sbin:/usr/bin:/usr/sbin:/bin:/sbin:/home/vagrant/.local/bin:/home/vagrant/bin
LM_LICENSE_FILE=27020@centos7
DESIGNWARE_HOME=/tools/synopsys/dw
QT_GRAPHICSSYSTEM_CHECKED=1
LSCOLORS=GxGxBxDxCxegedabagaced
SESSION_MANAGER=local/unix:@/tmp/.ICE-unix/3026,unix/unix:/tmp/.ICE-unix/3026
XDG_RUNTIME_DIR=/run/user/1000
CORE_V_VERIF=/tools/proj/core-v-verif-master
XDG_MENU_PREFIX=gnome-
HOSTNAME=centos7
LS_COLORS=rs=0:di=38;5;27:ln=38;5;51:mh=44;38;5;15:pi=40;38;5;11:so=38;5;13:do=38;5;5:bd=48;5;232;38;5;11:cd=48;5;232;38;5;3:or=48;5;232;38;5;9:mi=05;48;5;232;38;5;15:su=48;5;196;38;5;15:sg=48;5;11;38;5;16:ca=48;5;196;38;5;226:tw=48;5;10;38;5;16:ow=48;5;10;38;5;21:st=48;5;21;38;5;15:ex=38;5;34:*.tar=38;5;9:*.tgz=38;5;9:*.arc=38;5;9:*.arj=38;5;9:*.taz=38;5;9:*.lha=38;5;9:*.lz4=38;5;9:*.lzh=38;5;9:*.lzma=38;5;9:*.tlz=38;5;9:*.txz=38;5;9:*.tzo=38;5;9:*.t7z=38;5;9:*.zip=38;5;9:*.z=38;5;9:*.Z=38;5;9:*.dz=38;5;9:*.gz=38;5;9:*.lrz=38;5;9:*.lz=38;5;9:*.lzo=38;5;9:*.xz=38;5;9:*.bz2=38;5;9:*.bz=38;5;9:*.tbz=38;5;9:*.tbz2=38;5;9:*.tz=38;5;9:*.deb=38;5;9:*.rpm=38;5;9:*.jar=38;5;9:*.war=38;5;9:*.ear=38;5;9:*.sar=38;5;9:*.rar=38;5;9:*.alz=38;5;9:*.ace=38;5;9:*.zoo=38;5;9:*.cpio=38;5;9:*.7z=38;5;9:*.rz=38;5;9:*.cab=38;5;9:*.jpg=38;5;13:*.jpeg=38;5;13:*.gif=38;5;13:*.bmp=38;5;13:*.pbm=38;5;13:*.pgm=38;5;13:*.ppm=38;5;13:*.tga=38;5;13:*.xbm=38;5;13:*.xpm=38;5;13:*.tif=38;5;13:*.tiff=38;5;13:*.png=38;5;13:*.svg=38;5;13:*.svgz=38;5;13:*.mng=38;5;13:*.pcx=38;5;13:*.mov=38;5;13:*.mpg=38;5;13:*.mpeg=38;5;13:*.m2v=38;5;13:*.mkv=38;5;13:*.webm=38;5;13:*.ogm=38;5;13:*.mp4=38;5;13:*.m4v=38;5;13:*.mp4v=38;5;13:*.vob=38;5;13:*.qt=38;5;13:*.nuv=38;5;13:*.wmv=38;5;13:*.asf=38;5;13:*.rm=38;5;13:*.rmvb=38;5;13:*.flc=38;5;13:*.avi=38;5;13:*.fli=38;5;13:*.flv=38;5;13:*.gl=38;5;13:*.dl=38;5;13:*.xcf=38;5;13:*.xwd=38;5;13:*.yuv=38;5;13:*.cgm=38;5;13:*.emf=38;5;13:*.axv=38;5;13:*.anx=38;5;13:*.ogv=38;5;13:*.ogx=38;5;13:*.aac=38;5;45:*.au=38;5;45:*.flac=38;5;45:*.mid=38;5;45:*.midi=38;5;45:*.mka=38;5;45:*.mp3=38;5;45:*.mpc=38;5;45:*.ogg=38;5;45:*.ra=38;5;45:*.wav=38;5;45:*.axa=38;5;45:*.oga=38;5;45:*.spx=38;5;45:*.xspf=38;5;45:
XDG_SESSION_DESKTOP=gnome-classic
SSH_AUTH_SOCK=/run/user/1000/keyring/ssh
CPLUS_INCLUDE_PATH=/tools/verilator/share/verilator/include
DISPLAY=:0
CV_SIMULATOR=vcs
IMSETTINGS_INTEGRATE_DESKTOP=yes
HOME=/home/vagrant
VCS_HOME=/tools/synopsys/vcs-R-2020.12-SP1
PWD=/tools/proj/verification_platform/2_common/ahb_agt_snps/design_dir/examples/sverilog/amba_svt/tb_ahb_svt_uvm_basic_sys
XDG_SEAT=seat0
SSH_AGENT_PID=3193
PKG_CONFIG_PATH=:/tools/verilator/share/pkgconfig:/tools/verilator/share/pkgconfig
USE_SIMULATOR=vcsvlog
VERDI_HOME=/tools/synopsys/verdi-R-2020.12-SP1
MANPATH=/opt/rh/devtoolset-7/root/usr/share/man:/opt/rh/devtoolset-7/root/usr/share/man::/tools/verilator/share/man:/tools/verilator/share/man
DBUS_SESSION_BUS_ADDRESS=unix:abstract=/tmp/dbus-I8y33e43n6,guid=e38bfec10bc6730097e8fd3c64bf8888
SYNOPSYS=/tools/synopsys
LD_LIBRARY_PATH=
CFG_CV_SW_MARCH=rv32imc_zicsr
PERL5LIB=/opt/rh/devtoolset-7/root//usr/lib64/perl5/vendor_perl:/opt/rh/devtoolset-7/root/usr/lib/perl5:/opt/rh/devtoolset-7/root//usr/share/perl5/vendor_perl:/opt/rh/devtoolset-7/root//usr/lib64/perl5/vendor_perl:/opt/rh/devtoolset-7/root/usr/lib/perl5:/opt/rh/devtoolset-7/root//usr/share/perl5/vendor_perl
DISABLE_TDC_DELETED_MSG=1
GNOME_DESKTOP_SESSION_ID=this-is-deprecated
UVM_HOME=/tools/synopsys/vcs-R-2020.12-SP1/etc/uvm-1.1
WAVES=fsdb
XDG_VTNR=1
COLORTERM=truecolor
QT_IM_MODULE=ibus
SHLVL=3
MAKEOVERRIDES=${-*-command-variables-*-}
GNOME_SHELL_SESSION_MODE=classic
XDG_SESSION_ID=4
USER=vagrant
QTLIB=/usr/lib64/qt-3.3/lib
XDG_CURRENT_DESKTOP=GNOME-Classic:GNOME
OLDPWD=/tools/proj/verification_platform/2_common/ahb_agt_snps
SIMULATOR=vcs
IMSETTINGS_MODULE=none
PYTHONPATH=/opt/rh/devtoolset-7/root/usr/lib64/python2.7/site-packages:/opt/rh/devtoolset-7/root/usr/lib/python2.7/site-packages:/opt/rh/devtoolset-7/root/usr/lib64/python2.7/site-packages:/opt/rh/devtoolset-7/root/usr/lib/python2.7/site-packages
MAKEFLAGS=WAVES=fsdb USE_SIMULATOR=vcsvlog
MFLAGS=
MAIL=/var/spool/mail/vagrant
MYPATH=:/tools/verilator/bin:/tools/verilator/share/verilator/bin:/tools/verilator/bin:/tools/verilator/share/verilator/bin
CXX=g++
EDITOR=vim
CV_SW_TOOLCHAIN=/opt/riscv/riscv32-embecosm-gcc-centos7-20230702
CV_CORE=cv32e40p
GJS_DEBUG_TOPICS=JS ERROR;JS LOG
GNOME_TERMINAL_SCREEN=/org/gnome/Terminal/screen/ce5a0c3b_cb72_4e10_ba72_7a9a1d615f1f
VCS_UVMHOME_ARG=/tools/synopsys/vcs-R-2020.12-SP1/etc/uvm-1.1
GNOME_TERMINAL_SERVICE=:1.190
HISTSIZE=1000
WINDOWPATH=1
CV_SW_PREFIX=riscv32-unknown-elf-
GJS_DEBUG_OUTPUT=stderr
QTINC=/usr/lib64/qt-3.3/include
QTDIR=/usr/lib64/qt-3.3
CLICOLOR=1
LANG=en_US.UTF-8
TERM=xterm-256color
LOGNAME=vagrant
MAKELEVEL=1
HOSTTYPE=x86_64-linux
VENDOR=unknown
OSTYPE=linux
MACHTYPE=x86_64
GROUP=vagrant
HOST=centos7
VCS_PATHMAP_PRELOAD_DONE=1
VCS_STACK_EXEC=true
VCS_EXEC_DONE=1
LC_ALL=C
DVE=/tools/synopsys/vcs-R-2020.12-SP1/gui/dve
SPECMAN_OUTPUT_TO_TTY=1
FLEXLM_BORROWFILE=/home/vagrant/.centos7-borrow.txt
Runtime command line arguments:
argv[0]=./output/simvcssvlog
argv[1]=+UVM_TESTNAME=directed_test
argv[2]=-l
argv[3]=./logs/simulate__directed_test.log
argv[4]=run
288 profile - 100
          CPU/Mem usage: 0.120 sys,  0.250 user,  365.45M mem
289 Elapsed time:    0:00:03    Thu Aug  3 02:10:08 2023
290 pliAppInit
291 [SC]Init: MemoryConsumed=0.00MB ElapsedTime=0hour 0min. 0sec.
292 FSDB_GATE is set.
293 FSDB_RTL is set.
294 FSDB_FIELDTYPE is set.
295 FSDB_ALIAS_ARRAY_ELEM is set to 4294967295.
296 Enable Parallel Dumping.
297 pliAppMiscSet: New Sim Round
298 pliEntryInit
299 LIBSSCORE=found /tools/synopsys/verdi-R-2020.12-SP1/share/PLI/lib/LINUXAMD64/libsscore_vcs202012.so through $NOVAS_HOME setting.
300 FSDB Dumper for VCS, Release Verdi_R-2020.12-SP1, Linux x86_64/64bit, 03/02/2021
301 (C) 1996 - 2021 by Synopsys, Inc.
302 sps_call_fsdbDumpfile_main at 0 : /tools/proj/verification_platform/2_common/ahb_agt_snps/design_dir/examples/sverilog/amba_svt/tb_ahb_svt_uvm_basic_sys/top.sv(82)
303 argv[0]: (test_top)
304 *Verdi* : Create FSDB file 'test_top.fsdb'
305 [spi_vcs_vd_ppi_create_root]: no upf option
306 FSDB dumper cannot dump UPF related power signal ($power_tree): no ppiPowerNetwork.
307 compile option from '/tools/proj/verification_platform/2_common/ahb_agt_snps/design_dir/examples/sverilog/amba_svt/tb_ahb_svt_uvm_basic_sys/output/simvcssvlog.daidir/vcs_rebuild'.
308   "vcs '-l' './logs/compile.log' '-q' '-Mdir=./output/csrc' '+incdir+/tools/proj/verification_platform/2_common/ahb_agt_snps/design_dir/src/sverilog/vcs' '+incdir+/tools/proj/verification_platform/2_common/ahb_agt_snps/design_dir/include/sverilog' '+incdir+/tools/proj/verification_platform/2_common/ahb_agt_snps/design_dir/src/verilog/vcs' '+incdir+/tools/proj/verification_platform/2_common/ahb_agt_snps/design_dir/include/verilog' '-CFLAGS' '-DVCS' '+incdir+/tools/synopsys/vcs-R-2020.12-SP1/etc/uvm-1.1/src' '/tools/synopsys/vcs-R-2020.12-SP1/etc/uvm-1.1/src/dpi/uvm_dpi.cc' '-full64' '-sverilog' '+define+UVM_PACKER_MAX_BYTES=1500000' '+define+UVM_DISABLE_AUTO_ITEM_RECORDING' '+define+SVT_AHB_DISABLE_IMPLICIT_BUS_CONNECTION' '-timescale=1ns/1ps' '+define+SVT_FSDB_ENABLE' '+define+WAVES_FSDB' '+define+WAVES="fsdb"' '+plusarg_save' '-debug_access+pp+dmptf+thread' '-debug_region=cell+encrypt' '-notice' '-P' '/tools/synopsys/verdi-R-2020.12-SP1/share/PLI/VCS/LINUX64/novas.tab' '/tools/synopsys/verdi-R-2020.12-SP1/share/PLI/VCS/LINUX64/pli.a' '+define+SVT_UVM_TECHNOLOGY' '+define+SYNOPSYS_SV' '+incdir+/tools/proj/verification_platform/2_common/ahb_agt_snps/design_dir/examples/sverilog/amba_svt/tb_ahb_svt_uvm_basic_sys/.' '+incdir+/tools/proj/verification_platform/2_common/ahb_agt_snps/design_dir/examples/sverilog/amba_svt/tb_ahb_svt_uvm_basic_sys/../../env' '+incdir+/tools/proj/verification_platform/2_common/ahb_agt_snps/design_dir/examples/sverilog/amba_svt/tb_ahb_svt_uvm_basic_sys/../env' '+incdir+/tools/proj/verification_platform/2_common/ahb_agt_snps/design_dir/examples/sverilog/amba_svt/tb_ahb_svt_uvm_basic_sys/env' '+incdir+/tools/proj/verification_platform/2_common/ahb_agt_snps/design_dir/examples/sverilog/amba_svt/tb_ahb_svt_uvm_basic_sys/dut' '+incdir+/tools/proj/verification_platform/2_common/ahb_agt_snps/design_dir/examples/sverilog/amba_svt/tb_ahb_svt_uvm_basic_sys/hdl_interconnect' '+incdir+/tools/proj/verification_platform/2_common/ahb_agt_snps/design_dir/examples/sverilog/amba_svt/tb_ahb_svt_uvm_basic_sys/lib' '+incdir+/tools/proj/verification_platform/2_common/ahb_agt_snps/design_dir/examples/sverilog/amba_svt/tb_ahb_svt_uvm_basic_sys/tests' '-o' './output/simvcssvlog' '-f' 'top_files' '-f' 'hdl_files' 2>&1"
309 DVDI_is_vir_unload_enabled is enable
310 FSDB_VCS_ENABLE_NATIVE_VC is enable
311 sps_call_fsdbDumpvars_vd_main at 0 : /tools/proj/verification_platform/2_common/ahb_agt_snps/design_dir/examples/sverilog/amba_svt/tb_ahb_svt_uvm_basic_sys/top.sv(83)
312 *Verdi* : Begin traversing the scopes, layer (0).
313 *Verdi* : End of traversing.
314 pliAppHDL_DumpVarComplete traverse var: profile - 
          CPU/Mem usage: 0.160 sys,  0.380 user,  498.56M mem
                   incr: 0.030 sys,  0.090 user,  24.59M mem
                   accu: 0.030 sys,  0.090 user,  24.59M mem
              accu incr: 0.030 sys,  0.090 user,  24.59M mem

          Count usage: 3749 var,  2614 idcode,  2547 callback
                 incr: 3749 var,  2614 idcode,  2547 callback
                 accu: 3749 var,  2614 idcode,  2547 callback
            accu incr: 3749 var,  2614 idcode,  2547 callback
315 Elapsed time:    0:00:03    Thu Aug  3 02:10:08 2023
316 pliAppHDL_DumpVarComplete: profile - 
          CPU/Mem usage: 0.160 sys,  0.380 user,  499.75M mem
                   incr: 0.000 sys,  0.000 user,  1.19M mem
                   accu: 0.030 sys,  0.090 user,  25.78M mem
              accu incr: 0.000 sys,  0.000 user,  1.19M mem

          Count usage: 3749 var,  2614 idcode,  2547 callback
                 incr: 0 var,  0 idcode,  0 callback
                 accu: 3749 var,  2614 idcode,  2547 callback
            accu incr: 0 var,  0 idcode,  0 callback
317 Elapsed time:    0:00:03    Thu Aug  3 02:10:08 2023
318 End of simulation at 28175000
319 Memory usage: 604.778 M
320 Elapsed time:    0:00:10    Thu Aug  3 02:10:15 2023
321 Begin FSDB profile info:
322 FSDB Writer : bc1(42033) bcn(48225) mtf/stf(0/0)
FSDB Writer elapsed time : flush(0.032531) io wait(0.000000) theadpool wait(0.000000)
FSDB Writer cpu time : MT Compression : 0
323 End FSDB profile info
324 FSDB closed. Name: test_top.fsdb Size: 151747
325 Parallel profile     - ProducerThread:1 ConsumerThread:1 Buffer:64MB
326                      - BlockUsed:3 Acquire:93358 BufferUsed:2461736
327                      - Flush:5 Expand:0 ProducerWait:0 ConsumerWait:1
328                      - MainProducerTime:1.651869099 TotalConsumerTime:0.029815984
329                      - ElapsedTime:7.593187000
330 Producer   0 profile - BlockUsed:3 Acquire:93358 BufferUsed:2461736
331 Consumer   0 profile - Affinity:-1 CPUTime:0.029815984 LifeTime:0.205162374 (0.15%)
332                      - BlockUsed:3 Acquire:93358 BufferUsed:2461736
333 SimExit
334 Elapsed time:    0:00:10    Thu Aug  3 02:10:15 2023
335 Sim process exit
